<?xml version="1.0" encoding="UTF-8"?>
<!-- Generated by org.testng.reporters.JUnitXMLReporter -->
<testsuite hostname="DESKTOP-PKG28I6" ignored="0" name="CreateAccount" tests="5" failures="0" timestamp="2021-09-29T16:52:46 PDT" time="64.095" errors="0">
  <testcase name="usermenudropdown6" time="6.704" classname="com.training.test.home.TC10"/>
  <testcase name="usermenudropdown6" time="10.148" classname="com.training.test.home.TC11"/>
  <testcase name="usermenudropdown6" time="11.217" classname="com.training.test.home.TC12"/>
  <testcase name="usermenudropdown6" time="6.743" classname="com.training.test.home.TC13"/>
  <testcase name="usermenudropdown6" time="6.283" classname="com.training.test.home.TC14"/>
</testsuite> <!-- CreateAccount -->
