<?xml version="1.0" encoding="UTF-8"?>
<!-- Generated by org.testng.reporters.JUnitXMLReporter -->
<testsuite hostname="DESKTOP-PKG28I6" ignored="0" name="CreateOpportunity" tests="5" failures="0" timestamp="2021-09-29T16:53:43 PDT" time="55.98" errors="0">
  <testcase name="createopportunity1" time="5.722" classname="com.training.test.home.TC15"/>
  <testcase name="createopportunity2" time="6.236" classname="com.training.test.home.TC16"/>
  <testcase name="createopportunity3" time="5.868" classname="com.training.test.home.TC17"/>
  <testcase name="createopportunity4" time="5.581" classname="com.training.test.home.TC18"/>
  <testcase name="createopportunity4" time="5.763" classname="com.training.test.home.TC19"/>
</testsuite> <!-- CreateOpportunity -->
