<?xml version="1.0" encoding="UTF-8"?>
<!-- Generated by org.testng.reporters.JUnitXMLReporter -->
<testsuite hostname="DESKTOP-PKG28I6" ignored="0" name="SFDCLogin" tests="5" failures="0" timestamp="2021-09-29T16:50:56 PDT" time="31.928" errors="0">
  <testcase name="validateLogin" time="2.315" classname="com.training.test.login.LoginToSF2"/>
  <testcase name="invalidateLogin" time="0.763" classname="com.training.test.login.LoginErrorMsg1"/>
  <testcase name="checkRmememberMe" time="4.718" classname="com.training.test.login.CheckRememberMe3"/>
  <testcase name="forgotPassswordA" time="0.656" classname="com.training.test.login.ForgotPassword4A"/>
  <testcase name="forgotPasswordB" time="0.416" classname="com.training.test.login.ForgotPassword4B"/>
</testsuite> <!-- SFDCLogin -->
