<?xml version="1.0" encoding="UTF-8"?>
<!-- Generated by org.testng.reporters.JUnitXMLReporter -->
<testsuite hostname="DESKTOP-PKG28I6" ignored="0" name="Test" tests="5" failures="0" timestamp="2021-09-26T15:31:46 PDT" time="23.991" errors="0">
  <testcase name="validateLogin" time="2.46" classname="com.training.test.login.LoginToSF2"/>
  <testcase name="invalidateLogin" time="0.22" classname="com.training.test.login.LoginErrorMsg1"/>
  <testcase name="checkRmememberMe" time="5.065" classname="com.training.test.login.CheckRememberMe3"/>
  <testcase name="forgotPassswordA" time="0.978" classname="com.training.test.login.ForgotPassword4A"/>
  <testcase name="forgotPasswordB" time="0.437" classname="com.training.test.login.ForgotPassword4B"/>
</testsuite> <!-- Test -->
