<?xml version="1.0" encoding="UTF-8"?>
<!-- Generated by org.testng.reporters.JUnitXMLReporter -->
<testsuite hostname="DESKTOP-PKG28I6" ignored="0" name="UserMenuDropDown" tests="5" failures="0" timestamp="2021-09-29T16:51:42 PDT" time="45.612" errors="0">
  <testcase name="usermenudropdown1" time="4.429" classname="com.training.test.home.TC05"/>
  <testcase name="usermenudropdown2" time="5.5" classname="com.training.test.home.TC06"/>
  <testcase name="usermenudropdown3" time="7.829" classname="com.training.test.home.TC07"/>
  <testcase name="usermenudropdown4" time="4.254" classname="com.training.test.home.TC08"/>
  <testcase name="usermenudropdown5" time="4.624" classname="com.training.test.home.TC09"/>
</testsuite> <!-- UserMenuDropDown -->
